<?xml version="1.0" ?>
<!DOCTYPE coverage SYSTEM "http://cobertura.sourceforge.net/xml/coverage-04.dtd">
<coverage lines-valid="121" lines-covered="80" line-rate="0.6612" branches-valid="35" branches-covered="5" branch-rate="0.1429" timestamp="1586031059239" complexity="0" version="0.1">
  <sources>
    <source>C:\xampp\htdocs\mathgame\mathgame</source>
  </sources>
  <packages>
    <package name="components" line-rate="0.8889" branch-rate="1">
      <classes>
        <class name="NumberButtons.js" filename="src\components\NumberButtons.js" line-rate="1" branch-rate="1">
          <methods>
            <method name="(anonymous_0)" hits="1" signature="()V">
              <lines>
                <line number="5" hits="1"/>
              </lines>
            </method>
          </methods>
          <lines>
            <line number="5" hits="1" branch="false"/>
            <line number="6" hits="1" branch="false"/>
          </lines>
        </class>
        <class name="NumberButtonsRow.js" filename="src\components\NumberButtonsRow.js" line-rate="0.8" branch-rate="1">
          <methods>
            <method name="(anonymous_0)" hits="4" signature="()V">
              <lines>
                <line number="5" hits="4"/>
              </lines>
            </method>
            <method name="(anonymous_1)" hits="12" signature="()V">
              <lines>
                <line number="13" hits="12"/>
              </lines>
            </method>
            <method name="(anonymous_2)" hits="0" signature="()V">
              <lines>
                <line number="16" hits="0"/>
              </lines>
            </method>
          </methods>
          <lines>
            <line number="5" hits="1" branch="false"/>
            <line number="7" hits="4" branch="false"/>
            <line number="9" hits="4" branch="false"/>
            <line number="14" hits="12" branch="false"/>
            <line number="16" hits="0" branch="false"/>
          </lines>
        </class>
        <class name="ResultModal.js" filename="src\components\ResultModal.js" line-rate="1" branch-rate="1">
          <methods>
            <method name="(anonymous_0)" hits="1" signature="()V">
              <lines>
                <line number="5" hits="1"/>
              </lines>
            </method>
          </methods>
          <lines>
            <line number="5" hits="1" branch="false"/>
            <line number="6" hits="1" branch="false"/>
          </lines>
        </class>
      </classes>
    </package>
    <package name="logic.factories" line-rate="1" branch-rate="1">
      <classes>
        <class name="EquationFactory.js" filename="src\logic\factories\EquationFactory.js" line-rate="1" branch-rate="1">
          <methods>
            <method name="(anonymous_0)" hits="93" signature="()V">
              <lines>
                <line number="5" hits="93"/>
              </lines>
            </method>
            <method name="generateNumberFromTo" hits="521" signature="()V">
              <lines>
                <line number="20" hits="521"/>
              </lines>
            </method>
            <method name="generateOperationMethod" hits="214" signature="()V">
              <lines>
                <line number="24" hits="214"/>
              </lines>
            </method>
          </methods>
          <lines>
            <line number="5" hits="2" branch="false"/>
            <line number="6" hits="93" branch="false"/>
            <line number="7" hits="93" branch="false"/>
            <line number="9" hits="93" branch="false"/>
            <line number="10" hits="214" branch="false"/>
            <line number="16" hits="93" branch="false"/>
            <line number="17" hits="93" branch="true" condition-coverage="100% (2/2)"/>
            <line number="21" hits="521" branch="false"/>
            <line number="25" hits="214" branch="false"/>
          </lines>
        </class>
      </classes>
    </package>
    <package name="logic.models" line-rate="1" branch-rate="1">
      <classes>
        <class name="Equation.js" filename="src\logic\models\Equation.js" line-rate="1" branch-rate="1">
          <methods>
            <method name="(anonymous_0)" hits="107" signature="()V">
              <lines>
                <line number="2" hits="107"/>
              </lines>
            </method>
            <method name="(anonymous_1)" hits="160" signature="()V">
              <lines>
                <line number="7" hits="160"/>
              </lines>
            </method>
            <method name="(anonymous_2)" hits="353" signature="()V">
              <lines>
                <line number="9" hits="353"/>
              </lines>
            </method>
          </methods>
          <lines>
            <line number="3" hits="107" branch="false"/>
            <line number="4" hits="107" branch="false"/>
            <line number="8" hits="160" branch="false"/>
            <line number="9" hits="160" branch="false"/>
            <line number="10" hits="353" branch="false"/>
            <line number="13" hits="160" branch="false"/>
          </lines>
        </class>
        <class name="Level.js" filename="src\logic\models\Level.js" line-rate="1" branch-rate="1">
          <methods>
          </methods>
          <lines>
            <line number="3" hits="2" branch="false"/>
            <line number="9" hits="2" branch="false"/>
            <line number="14" hits="2" branch="false"/>
            <line number="19" hits="2" branch="false"/>
            <line number="157" hits="2" branch="false"/>
          </lines>
        </class>
        <class name="OperationMethod.js" filename="src\logic\models\OperationMethod.js" line-rate="1" branch-rate="1">
          <methods>
          </methods>
          <lines>
            <line number="1" hits="2" branch="false"/>
          </lines>
        </class>
      </classes>
    </package>
    <package name="logic.services" line-rate="0.75" branch-rate="0.5">
      <classes>
        <class name="EquationService.js" filename="src\logic\services\EquationService.js" line-rate="1" branch-rate="1">
          <methods>
            <method name="(anonymous_0)" hits="152" signature="()V">
              <lines>
                <line number="1" hits="152"/>
              </lines>
            </method>
            <method name="(anonymous_1)" hits="107" signature="()V">
              <lines>
                <line number="7" hits="107"/>
              </lines>
            </method>
            <method name="toString" hits="152" signature="()V">
              <lines>
                <line number="12" hits="152"/>
              </lines>
            </method>
          </methods>
          <lines>
            <line number="1" hits="2" branch="false"/>
            <line number="2" hits="152" branch="false"/>
            <line number="3" hits="152" branch="false"/>
            <line number="4" hits="152" branch="false"/>
            <line number="7" hits="2" branch="false"/>
            <line number="8" hits="107" branch="false"/>
            <line number="9" hits="107" branch="true" condition-coverage="100% (2/2)"/>
            <line number="13" hits="152" branch="false"/>
            <line number="14" hits="152" branch="false"/>
            <line number="15" hits="152" branch="false"/>
          </lines>
        </class>
        <class name="PageRenderService.js" filename="src\logic\services\PageRenderService.js" line-rate="0.8" branch-rate="1">
          <methods>
            <method name="(anonymous_0)" hits="1" signature="()V">
              <lines>
                <line number="3" hits="1"/>
              </lines>
            </method>
            <method name="(anonymous_1)" hits="0" signature="()V">
              <lines>
                <line number="5" hits="0"/>
              </lines>
            </method>
          </methods>
          <lines>
            <line number="3" hits="1" branch="false"/>
            <line number="4" hits="1" branch="false"/>
            <line number="5" hits="1" branch="false"/>
            <line number="6" hits="0" branch="false"/>
            <line number="8" hits="1" branch="false"/>
          </lines>
        </class>
        <class name="TimerService.js" filename="src\logic\services\TimerService.js" line-rate="0.44439999999999996" branch-rate="0">
          <methods>
            <method name="(anonymous_0)" hits="1" signature="()V">
              <lines>
                <line number="6" hits="1"/>
              </lines>
            </method>
            <method name="(anonymous_1)" hits="0" signature="()V">
              <lines>
                <line number="10" hits="0"/>
              </lines>
            </method>
            <method name="(anonymous_2)" hits="0" signature="()V">
              <lines>
                <line number="15" hits="0"/>
              </lines>
            </method>
            <method name="tick" hits="0" signature="()V">
              <lines>
                <line number="16" hits="0"/>
              </lines>
            </method>
            <method name="(anonymous_4)" hits="0" signature="()V">
              <lines>
                <line number="21" hits="0"/>
              </lines>
            </method>
          </methods>
          <lines>
            <line number="6" hits="1" branch="false"/>
            <line number="7" hits="1" branch="false"/>
            <line number="10" hits="1" branch="false"/>
            <line number="11" hits="0" branch="false"/>
            <line number="15" hits="1" branch="false"/>
            <line number="17" hits="0" branch="false"/>
            <line number="19" hits="0" branch="true" condition-coverage="0% (0/2)"/>
            <line number="20" hits="0" branch="false"/>
            <line number="21" hits="0" branch="false"/>
          </lines>
        </class>
      </classes>
    </package>
    <package name="screens" line-rate="0.4603" branch-rate="0.0345">
      <classes>
        <class name="Game.js" filename="src\screens\Game.js" line-rate="0.45" branch-rate="0.0345">
          <methods>
            <method name="(anonymous_0)" hits="1" signature="()V">
              <lines>
                <line number="20" hits="1"/>
              </lines>
            </method>
            <method name="(anonymous_1)" hits="0" signature="()V">
              <lines>
                <line number="37" hits="0"/>
              </lines>
            </method>
            <method name="(anonymous_2)" hits="0" signature="()V">
              <lines>
                <line number="44" hits="0"/>
              </lines>
            </method>
            <method name="(anonymous_3)" hits="0" signature="()V">
              <lines>
                <line number="50" hits="0"/>
              </lines>
            </method>
            <method name="(anonymous_4)" hits="0" signature="()V">
              <lines>
                <line number="56" hits="0"/>
              </lines>
            </method>
            <method name="(anonymous_5)" hits="0" signature="()V">
              <lines>
                <line number="62" hits="0"/>
              </lines>
            </method>
            <method name="(anonymous_6)" hits="0" signature="()V">
              <lines>
                <line number="70" hits="0"/>
              </lines>
            </method>
            <method name="(anonymous_7)" hits="0" signature="()V">
              <lines>
                <line number="77" hits="0"/>
              </lines>
            </method>
            <method name="(anonymous_8)" hits="0" signature="()V">
              <lines>
                <line number="89" hits="0"/>
              </lines>
            </method>
            <method name="(anonymous_9)" hits="0" signature="()V">
              <lines>
                <line number="94" hits="0"/>
              </lines>
            </method>
            <method name="(anonymous_10)" hits="0" signature="()V">
              <lines>
                <line number="96" hits="0"/>
              </lines>
            </method>
            <method name="(anonymous_11)" hits="0" signature="()V">
              <lines>
                <line number="103" hits="0"/>
              </lines>
            </method>
            <method name="(anonymous_12)" hits="0" signature="()V">
              <lines>
                <line number="110" hits="0"/>
              </lines>
            </method>
          </methods>
          <lines>
            <line number="20" hits="1" branch="false"/>
            <line number="22" hits="1" branch="false"/>
            <line number="23" hits="1" branch="false"/>
            <line number="24" hits="1" branch="false"/>
            <line number="25" hits="1" branch="false"/>
            <line number="26" hits="1" branch="false"/>
            <line number="28" hits="1" branch="false"/>
            <line number="29" hits="1" branch="false"/>
            <line number="30" hits="1" branch="false"/>
            <line number="31" hits="1" branch="false"/>
            <line number="32" hits="1" branch="false"/>
            <line number="33" hits="1" branch="false"/>
            <line number="34" hits="1" branch="false"/>
            <line number="35" hits="1" branch="false"/>
            <line number="37" hits="1" branch="false"/>
            <line number="38" hits="0" branch="false"/>
            <line number="39" hits="0" branch="true" condition-coverage="0% (0/2)"/>
            <line number="40" hits="0" branch="false"/>
            <line number="44" hits="1" branch="false"/>
            <line number="45" hits="0" branch="true" condition-coverage="0% (0/2)"/>
            <line number="46" hits="0" branch="false"/>
            <line number="50" hits="1" branch="false"/>
            <line number="51" hits="0" branch="true" condition-coverage="0% (0/2)"/>
            <line number="52" hits="0" branch="false"/>
            <line number="56" hits="1" branch="false"/>
            <line number="57" hits="0" branch="true" condition-coverage="0% (0/2)"/>
            <line number="58" hits="0" branch="false"/>
            <line number="62" hits="1" branch="false"/>
            <line number="63" hits="0" branch="true" condition-coverage="0% (0/2)"/>
            <line number="64" hits="0" branch="false"/>
            <line number="65" hits="0" branch="false"/>
            <line number="66" hits="0" branch="false"/>
            <line number="70" hits="1" branch="false"/>
            <line number="71" hits="0" branch="true" condition-coverage="0% (0/4)"/>
            <line number="72" hits="0" branch="false"/>
            <line number="73" hits="0" branch="false"/>
            <line number="77" hits="1" branch="false"/>
            <line number="78" hits="0" branch="true" condition-coverage="0% (0/2)"/>
            <line number="79" hits="0" branch="false"/>
            <line number="81" hits="0" branch="true" condition-coverage="0% (0/5)"/>
            <line number="82" hits="0" branch="false"/>
            <line number="85" hits="0" branch="false"/>
            <line number="89" hits="1" branch="false"/>
            <line number="90" hits="0" branch="false"/>
            <line number="91" hits="0" branch="false"/>
            <line number="94" hits="1" branch="false"/>
            <line number="96" hits="1" branch="false"/>
            <line number="97" hits="0" branch="false"/>
            <line number="98" hits="0" branch="false"/>
            <line number="99" hits="0" branch="false"/>
            <line number="100" hits="0" branch="false"/>
            <line number="103" hits="1" branch="false"/>
            <line number="104" hits="0" branch="false"/>
            <line number="105" hits="0" branch="false"/>
            <line number="106" hits="0" branch="false"/>
            <line number="107" hits="0" branch="false"/>
            <line number="110" hits="1" branch="false"/>
            <line number="111" hits="0" branch="true" condition-coverage="0% (0/4)"/>
            <line number="112" hits="0" branch="true" condition-coverage="0% (0/2)"/>
            <line number="116" hits="1" branch="false"/>
          </lines>
        </class>
        <class name="Home.js" filename="src\screens\Home.js" line-rate="0.6667000000000001" branch-rate="1">
          <methods>
            <method name="(anonymous_0)" hits="2" signature="()V">
              <lines>
                <line number="8" hits="2"/>
              </lines>
            </method>
            <method name="(anonymous_1)" hits="0" signature="()V">
              <lines>
                <line number="12" hits="0"/>
              </lines>
            </method>
          </methods>
          <lines>
            <line number="8" hits="1" branch="false"/>
            <line number="9" hits="2" branch="false"/>
            <line number="12" hits="0" branch="false"/>
          </lines>
        </class>
      </classes>
    </package>
    <package name="styles" line-rate="1" branch-rate="1">
      <classes>
        <class name="AppStyles.js" filename="src\styles\AppStyles.js" line-rate="1" branch-rate="1">
          <methods>
          </methods>
          <lines>
            <line number="3" hits="1" branch="false"/>
          </lines>
        </class>
        <class name="HomeStyles.js" filename="src\styles\HomeStyles.js" line-rate="1" branch-rate="1">
          <methods>
          </methods>
          <lines>
            <line number="3" hits="1" branch="false"/>
          </lines>
        </class>
        <class name="NumberButtonsStyles.js" filename="src\styles\NumberButtonsStyles.js" line-rate="1" branch-rate="1">
          <methods>
          </methods>
          <lines>
            <line number="3" hits="1" branch="false"/>
          </lines>
        </class>
        <class name="ResultModalStyles.js" filename="src\styles\ResultModalStyles.js" line-rate="1" branch-rate="1">
          <methods>
          </methods>
          <lines>
            <line number="3" hits="1" branch="false"/>
          </lines>
        </class>
      </classes>
    </package>
  </packages>
</coverage>
